0 info it worked if it ends with ok
1 verbose cli [ '/home/ubuntu/.nvm/v0.10.33/bin/node',
1 verbose cli   '/home/ubuntu/.nvm/v0.10.33/bin/npm',
1 verbose cli   'install',
1 verbose cli   'phantomjs',
1 verbose cli   'karma-phantomjs-lanuncher',
1 verbose cli   '--save-dev' ]
2 info using npm@1.4.28
3 info using node@v0.10.33
4 warn package.json workspace@1.0.0 No repository field.
5 warn package.json karma-chrome-launcher@0.1.5 No README data
6 verbose readDependencies using package.json deps
7 verbose cache add [ 'phantomjs', null ]
8 verbose cache add name=undefined spec="phantomjs" args=["phantomjs",null]
9 verbose parsed url { protocol: null,
9 verbose parsed url   slashes: null,
9 verbose parsed url   auth: null,
9 verbose parsed url   host: null,
9 verbose parsed url   port: null,
9 verbose parsed url   hostname: null,
9 verbose parsed url   hash: null,
9 verbose parsed url   search: null,
9 verbose parsed url   query: null,
9 verbose parsed url   pathname: 'phantomjs',
9 verbose parsed url   path: 'phantomjs',
9 verbose parsed url   href: 'phantomjs' }
10 verbose cache add [ 'karma-phantomjs-lanuncher', null ]
11 verbose cache add name=undefined spec="karma-phantomjs-lanuncher" args=["karma-phantomjs-lanuncher",null]
12 verbose parsed url { protocol: null,
12 verbose parsed url   slashes: null,
12 verbose parsed url   auth: null,
12 verbose parsed url   host: null,
12 verbose parsed url   port: null,
12 verbose parsed url   hostname: null,
12 verbose parsed url   hash: null,
12 verbose parsed url   search: null,
12 verbose parsed url   query: null,
12 verbose parsed url   pathname: 'karma-phantomjs-lanuncher',
12 verbose parsed url   path: 'karma-phantomjs-lanuncher',
12 verbose parsed url   href: 'karma-phantomjs-lanuncher' }
13 silly lockFile 30d7cd7d-phantomjs phantomjs
14 verbose lock phantomjs /home/ubuntu/.npm/30d7cd7d-phantomjs.lock
15 silly lockFile 804a65ba-karma-phantomjs-lanuncher karma-phantomjs-lanuncher
16 verbose lock karma-phantomjs-lanuncher /home/ubuntu/.npm/804a65ba-karma-phantomjs-lanuncher.lock
17 silly lockFile 30d7cd7d-phantomjs phantomjs
18 silly lockFile 30d7cd7d-phantomjs phantomjs
19 silly lockFile 804a65ba-karma-phantomjs-lanuncher karma-phantomjs-lanuncher
20 silly lockFile 804a65ba-karma-phantomjs-lanuncher karma-phantomjs-lanuncher
21 verbose addNamed [ 'phantomjs', '' ]
22 verbose addNamed [ null, '*' ]
23 silly lockFile 29cf7fd6-phantomjs phantomjs@
24 verbose lock phantomjs@ /home/ubuntu/.npm/29cf7fd6-phantomjs.lock
25 verbose addNamed [ 'karma-phantomjs-lanuncher', '' ]
26 verbose addNamed [ null, '*' ]
27 silly lockFile 042f9f0a-karma-phantomjs-lanuncher karma-phantomjs-lanuncher@
28 verbose lock karma-phantomjs-lanuncher@ /home/ubuntu/.npm/042f9f0a-karma-phantomjs-lanuncher.lock
29 silly addNameRange { name: 'phantomjs', range: '*', hasData: false }
30 silly addNameRange { name: 'karma-phantomjs-lanuncher', range: '*', hasData: false }
31 verbose request where is /phantomjs
32 verbose request registry https://registry.npmjs.org/
33 verbose request id 9fc1c946dd024c71
34 verbose url raw /phantomjs
35 verbose url resolving [ 'https://registry.npmjs.org/', './phantomjs' ]
36 verbose url resolved https://registry.npmjs.org/phantomjs
37 verbose request where is https://registry.npmjs.org/phantomjs
38 info trying registry request attempt 1 at 08:44:50
39 http GET https://registry.npmjs.org/phantomjs
40 verbose request where is /karma-phantomjs-lanuncher
41 verbose request registry https://registry.npmjs.org/
42 verbose url raw /karma-phantomjs-lanuncher
43 verbose url resolving [ 'https://registry.npmjs.org/', './karma-phantomjs-lanuncher' ]
44 verbose url resolved https://registry.npmjs.org/karma-phantomjs-lanuncher
45 verbose request where is https://registry.npmjs.org/karma-phantomjs-lanuncher
46 info trying registry request attempt 1 at 08:44:50
47 http GET https://registry.npmjs.org/karma-phantomjs-lanuncher
48 http 404 https://registry.npmjs.org/karma-phantomjs-lanuncher
49 verbose headers { date: 'Fri, 28 Nov 2014 08:44:51 GMT',
49 verbose headers   server: 'CouchDB/1.5.0 (Erlang OTP/R16B03)',
49 verbose headers   'content-type': 'application/json',
49 verbose headers   'cache-control': 'max-age=0',
49 verbose headers   'content-length': '52',
49 verbose headers   'accept-ranges': 'bytes',
49 verbose headers   via: '1.1 varnish',
49 verbose headers   age: '0',
49 verbose headers   'x-served-by': 'cache-ord1735-ORD',
49 verbose headers   'x-cache': 'MISS',
49 verbose headers   'x-cache-hits': '0',
49 verbose headers   'x-timer': 'S1417164291.052588,VS0,VE74',
49 verbose headers   'keep-alive': 'timeout=10, max=50',
49 verbose headers   connection: 'Keep-Alive' }
50 silly registry.get cb [ 404,
50 silly registry.get   { date: 'Fri, 28 Nov 2014 08:44:51 GMT',
50 silly registry.get     server: 'CouchDB/1.5.0 (Erlang OTP/R16B03)',
50 silly registry.get     'content-type': 'application/json',
50 silly registry.get     'cache-control': 'max-age=0',
50 silly registry.get     'content-length': '52',
50 silly registry.get     'accept-ranges': 'bytes',
50 silly registry.get     via: '1.1 varnish',
50 silly registry.get     age: '0',
50 silly registry.get     'x-served-by': 'cache-ord1735-ORD',
50 silly registry.get     'x-cache': 'MISS',
50 silly registry.get     'x-cache-hits': '0',
50 silly registry.get     'x-timer': 'S1417164291.052588,VS0,VE74',
50 silly registry.get     'keep-alive': 'timeout=10, max=50',
50 silly registry.get     connection: 'Keep-Alive' } ]
51 silly lockFile 042f9f0a-karma-phantomjs-lanuncher karma-phantomjs-lanuncher@
52 silly lockFile 042f9f0a-karma-phantomjs-lanuncher karma-phantomjs-lanuncher@
53 http 200 https://registry.npmjs.org/phantomjs
54 silly registry.get cb [ 200,
54 silly registry.get   { date: 'Fri, 28 Nov 2014 08:44:51 GMT',
54 silly registry.get     server: 'CouchDB/1.5.0 (Erlang OTP/R16B03)',
54 silly registry.get     etag: '"8NIZ871FUZNC08SEZQ4IEQ77K"',
54 silly registry.get     'content-type': 'application/json',
54 silly registry.get     'cache-control': 'max-age=60',
54 silly registry.get     'content-length': '89580',
54 silly registry.get     'accept-ranges': 'bytes',
54 silly registry.get     via: '1.1 varnish',
54 silly registry.get     age: '10',
54 silly registry.get     'x-served-by': 'cache-atl6226-ATL',
54 silly registry.get     'x-cache': 'HIT',
54 silly registry.get     'x-cache-hits': '1',
54 silly registry.get     'x-timer': 'S1417164291.118969,VS0,VE1',
54 silly registry.get     vary: 'Accept',
54 silly registry.get     'keep-alive': 'timeout=10, max=50',
54 silly registry.get     connection: 'Keep-Alive' } ]
55 silly addNameRange number 2 { name: 'phantomjs', range: '*', hasData: true }
56 silly addNameRange versions [ 'phantomjs',
56 silly addNameRange   [ '0.0.1',
56 silly addNameRange     '0.0.2',
56 silly addNameRange     '0.0.3',
56 silly addNameRange     '0.0.4',
56 silly addNameRange     '0.0.5',
56 silly addNameRange     '0.0.6',
56 silly addNameRange     '0.0.7',
56 silly addNameRange     '0.0.8',
56 silly addNameRange     '0.0.9',
56 silly addNameRange     '0.1.0',
56 silly addNameRange     '0.1.1',
56 silly addNameRange     '0.2.0',
56 silly addNameRange     '0.2.1',
56 silly addNameRange     '0.2.2',
56 silly addNameRange     '0.2.3',
56 silly addNameRange     '0.2.4',
56 silly addNameRange     '0.2.5',
56 silly addNameRange     '0.2.6',
56 silly addNameRange     '1.8.0-1',
56 silly addNameRange     '1.8.1-1',
56 silly addNameRange     '1.8.1-2',
56 silly addNameRange     '1.8.1-3',
56 silly addNameRange     '1.8.2-0',
56 silly addNameRange     '1.8.2-1',
56 silly addNameRange     '1.8.2-2',
56 silly addNameRange     '1.9.0-0',
56 silly addNameRange     '1.9.0-1',
56 silly addNameRange     '1.9.0-2',
56 silly addNameRange     '1.9.0-3',
56 silly addNameRange     '1.9.0-4',
56 silly addNameRange     '1.9.0-5',
56 silly addNameRange     '1.9.0-6',
56 silly addNameRange     '1.9.1-0',
56 silly addNameRange     '1.9.1-2',
56 silly addNameRange     '1.9.1-3',
56 silly addNameRange     '1.9.1-4',
56 silly addNameRange     '1.9.1-5',
56 silly addNameRange     '1.9.1-6',
56 silly addNameRange     '1.9.1-7',
56 silly addNameRange     '1.9.1-8',
56 silly addNameRange     '1.9.1-9',
56 silly addNameRange     '1.9.2-0',
56 silly addNameRange     '1.9.2-1',
56 silly addNameRange     '1.9.2-2',
56 silly addNameRange     '1.9.2-3',
56 silly addNameRange     '1.9.2-4',
56 silly addNameRange     '1.9.2-5',
56 silly addNameRange     '1.9.2-6',
56 silly addNameRange     '1.9.6-0',
56 silly addNameRange     '1.9.7-1',
56 silly addNameRange     '1.9.7-3',
56 silly addNameRange     '1.9.7-4',
56 silly addNameRange     '1.9.7-5',
56 silly addNameRange     '1.9.7-6',
56 silly addNameRange     '1.9.7-7',
56 silly addNameRange     '1.9.7-8',
56 silly addNameRange     '1.9.7-9',
56 silly addNameRange     '1.9.7-10',
56 silly addNameRange     '1.9.7-11',
56 silly addNameRange     '1.9.7-12',
56 silly addNameRange     '1.9.7-13',
56 silly addNameRange     '1.9.7-14',
56 silly addNameRange     '1.9.7-15',
56 silly addNameRange     '1.8.2-3',
56 silly addNameRange     '1.9.8',
56 silly addNameRange     '1.9.9',
56 silly addNameRange     '1.9.10',
56 silly addNameRange     '1.9.11',
56 silly addNameRange     '1.9.12' ] ]
57 verbose addNamed [ 'phantomjs', '1.9.12' ]
58 verbose addNamed [ '1.9.12', '1.9.12' ]
59 silly lockFile ad41401c-phantomjs-1-9-12 phantomjs@1.9.12
60 verbose lock phantomjs@1.9.12 /home/ubuntu/.npm/ad41401c-phantomjs-1-9-12.lock
61 silly lockFile e07a86e2-g-phantomjs-phantomjs-1-9-12-tgz https://registry.npmjs.org/phantomjs/-/phantomjs-1.9.12.tgz
62 verbose lock https://registry.npmjs.org/phantomjs/-/phantomjs-1.9.12.tgz /home/ubuntu/.npm/e07a86e2-g-phantomjs-phantomjs-1-9-12-tgz.lock
63 verbose addRemoteTarball [ 'https://registry.npmjs.org/phantomjs/-/phantomjs-1.9.12.tgz',
63 verbose addRemoteTarball   '812b137654585413ecb82bf3db9dcd39d8f85f91' ]
64 info retry fetch attempt 1 at 08:44:51
65 verbose fetch to= /tmp/npm-17023-dQd0ZTaB/registry.npmjs.org/phantomjs/-/phantomjs-1.9.12.tgz
66 http GET https://registry.npmjs.org/phantomjs/-/phantomjs-1.9.12.tgz
67 http 200 https://registry.npmjs.org/phantomjs/-/phantomjs-1.9.12.tgz
68 silly lockFile e07a86e2-g-phantomjs-phantomjs-1-9-12-tgz https://registry.npmjs.org/phantomjs/-/phantomjs-1.9.12.tgz
69 silly lockFile e07a86e2-g-phantomjs-phantomjs-1-9-12-tgz https://registry.npmjs.org/phantomjs/-/phantomjs-1.9.12.tgz
70 silly lockFile ad41401c-phantomjs-1-9-12 phantomjs@1.9.12
71 silly lockFile ad41401c-phantomjs-1-9-12 phantomjs@1.9.12
72 silly lockFile 29cf7fd6-phantomjs phantomjs@
73 silly lockFile 29cf7fd6-phantomjs phantomjs@
74 error 404 404 Not Found: karma-phantomjs-lanuncher
74 error 404
74 error 404 'karma-phantomjs-lanuncher' is not in the npm registry.
74 error 404 You should bug the author to publish it
74 error 404 It was specified as a dependency of 'workspace'
74 error 404
74 error 404 Note that you can also install from a
74 error 404 tarball, folder, or http url, or git url.
75 error System Linux 3.14.13-c9
76 error command "/home/ubuntu/.nvm/v0.10.33/bin/node" "/home/ubuntu/.nvm/v0.10.33/bin/npm" "install" "phantomjs" "karma-phantomjs-lanuncher" "--save-dev"
77 error cwd /home/ubuntu/workspace
78 error node -v v0.10.33
79 error npm -v 1.4.28
80 error code E404
81 verbose exit [ 1, true ]
